<?xml version="1.0" encoding="UTF-8"?>
<!-- Generated by org.testng.reporters.JUnitXMLReporter -->
<testsuite ignored="1" hostname="LAPTOP-S0EDEAL3" failures="0" tests="3" name="Automate" time="0.072" errors="0" timestamp="2024-12-15T09:04:16 IST">
  <testcase classname="Test.MobileLogin" name="carLogin" time="0.01"/>
  <testcase classname="Test.RemoteLogin" name="carLogin" time="0.002"/>
  <testcase classname="Test.RemoteLogin" name="homeLogin" time="0.002"/>
  <testcase classname="Test.MobileLogin" name="homeLogin" time="0.0">
    <ignored/>
  </testcase> <!-- homeLogin -->
</testsuite> <!-- Automate -->
