<?xml version="1.0" encoding="UTF-8"?>
<!-- Generated by org.testng.reporters.JUnitXMLReporter -->
<testsuite ignored="5" hostname="LAPTOP-S0EDEAL3" failures="0" tests="1" name="Manual" time="0.013" errors="0" timestamp="2024-12-15T09:04:16 IST">
  <testcase classname="Test.ManualLogin" name="homeLogin" time="0.001"/>
  <testcase classname="Test.ManualLogin" name="mobileLogin2" time="0.0">
    <ignored/>
  </testcase> <!-- mobileLogin2 -->
  <testcase classname="Test.ManualLogin" name="mobileLogin3" time="0.0">
    <ignored/>
  </testcase> <!-- mobileLogin3 -->
  <testcase classname="Test.ManualLogin" name="mobileLogin4" time="0.0">
    <ignored/>
  </testcase> <!-- mobileLogin4 -->
  <testcase classname="Test.ManualLogin" name="carLogin" time="0.0">
    <ignored/>
  </testcase> <!-- carLogin -->
  <testcase classname="Test.ManualLogin" name="mobileLogin1" time="0.0">
    <ignored/>
  </testcase> <!-- mobileLogin1 -->
</testsuite> <!-- Manual -->
